<?xml version="1.0" encoding="UTF-8"?>
<!--
  ~ Copyright (C) 2001-2016 Food and Agriculture Organization of the
  ~ United Nations (FAO-UN), United Nations World Food Programme (WFP)
  ~ and United Nations Environment Programme (UNEP)
  ~
  ~ This program is free software; you can redistribute it and/or modify
  ~ it under the terms of the GNU General Public License as published by
  ~ the Free Software Foundation; either version 2 of the License, or (at
  ~ your option) any later version.
  ~
  ~ This program is distributed in the hope that it will be useful, but
  ~ WITHOUT ANY WARRANTY; without even the implied warranty of
  ~ MERCHANTABILITY or FITNESS FOR A PARTICULAR PURPOSE. See the GNU
  ~ General Public License for more details.
  ~
  ~ You should have received a copy of the GNU General Public License
  ~ along with this program; if not, write to the Free Software
  ~ Foundation, Inc., 51 Franklin St, Fifth Floor, Boston, MA 02110-1301, USA
  ~
  ~ Contact: Jeroen Ticheler - FAO - Viale delle Terme di Caracalla 2,
  ~ Rome - Italy. email: geonetwork@osgeo.org
  -->

<overrides>
	<properties>
		<db>newString</db>
		<sharedPath>./spring</sharedPath>
	</properties>
	<spring>
		<import file="${sharedPath}/imported-config.xml"/>
		<add bean="testBeanFull" property="collectionProp" value="addedProperty"/>
		<add bean="testBeanFull" property="collectionRef" ref="testBean2"/>
		<set bean="testBeanFull" property="simpleRef" ref="testBean2"/>
		<set bean="testBeanFull" property="basicProp" value="updatedBasicProp"/>
		<set bean="testBeanFull" property="basicProp2" value="updatedBasicProp2"/>
		<set bean="testBean" property="simpleRef" ref="testBean2"/>
		<set bean="testBean" property="basicProp2" ref="astring"/>
		<add bean="testBean" property="collectionProp" value="${db}" />
		<add bean="testBean" property="collectionRef" ref="testBean3" />
		<addInterceptUrl bean="filterSecurityInterceptor" pattern="/monitor/.*" access="hasRole('Administrator')"/>
		<removeInterceptUrl bean="filterSecurityInterceptor" pattern="/toremove/.*"/>
		<setInterceptUrl bean="filterSecurityInterceptor" pattern="/toset/.*" access="hasRole('RegisteredUser')"/>
	</spring>
</overrides>
