<?xml version="1.0" encoding="UTF-8"?>
<!--
  ~ Copyright (C) 2001-2016 Food and Agriculture Organization of the
  ~ United Nations (FAO-UN), United Nations World Food Programme (WFP)
  ~ and United Nations Environment Programme (UNEP)
  ~
  ~ This program is free software; you can redistribute it and/or modify
  ~ it under the terms of the GNU General Public License as published by
  ~ the Free Software Foundation; either version 2 of the License, or (at
  ~ your option) any later version.
  ~
  ~ This program is distributed in the hope that it will be useful, but
  ~ WITHOUT ANY WARRANTY; without even the implied warranty of
  ~ MERCHANTABILITY or FITNESS FOR A PARTICULAR PURPOSE. See the GNU
  ~ General Public License for more details.
  ~
  ~ You should have received a copy of the GNU General Public License
  ~ along with this program; if not, write to the Free Software
  ~ Foundation, Inc., 51 Franklin St, Fifth Floor, Boston, MA 02110-1301, USA
  ~
  ~ Contact: Jeroen Ticheler - FAO - Viale delle Terme di Caracalla 2,
  ~ Rome - Italy. email: geonetwork@osgeo.org
  -->

<beans xmlns:xsi="http://www.w3.org/2001/XMLSchema-instance"
       xmlns:sec="http://www.springframework.org/schema/security"
       xmlns="http://www.springframework.org/schema/beans"
       xsi:schemaLocation="
		http://www.springframework.org/schema/beans
		http://www.springframework.org/schema/beans/spring-beans.xsd
		http://www.springframework.org/schema/security
        http://www.springframework.org/schema/security/spring-security-3.2.xsd">
  <bean class="org.springframework.security.web.access.intercept.FilterSecurityInterceptor"
        id="filterSecurityInterceptor">
    <property name="authenticationManager" ref="authenticationManager"></property>
    <property name="accessDecisionManager" ref="accessDecisionManager"></property>
    <property name="securityMetadataSource">
      <sec:filter-security-metadata-source use-expressions="true" request-matcher="regex">
        <sec:intercept-url pattern="/monitor/.*" access="hasRole('Monitor')"></sec:intercept-url>
        <sec:intercept-url pattern="/toremove/.*" access="hasRole('REMOVE')"></sec:intercept-url>
        <sec:intercept-url pattern="/toset/.*" access="hasRole('SET')"></sec:intercept-url>
      </sec:filter-security-metadata-source>
    </property>
  </bean>

  <bean id="authenticationManager"
        class="org.springframework.security.authentication.ProviderManager">
    <property name="providers">
      <list>
        <!-- Check if the preAuthenticationFilter has already authenticated user -->
        <ref bean="nullFilterAuthenticationProvider"/>
      </list>
    </property>
  </bean>

  <bean
    class="org.springframework.security.config.authentication.AuthenticationManagerBeanDefinitionParser.NullAuthenticationProvider"
    id="nullFilterAuthenticationProvider">
  </bean>
</beans>
