<?xml version="1.0" encoding="UTF-8"?>
<!--
  ~ Copyright (C) 2001-2016 Food and Agriculture Organization of the
  ~ United Nations (FAO-UN), United Nations World Food Programme (WFP)
  ~ and United Nations Environment Programme (UNEP)
  ~
  ~ This program is free software; you can redistribute it and/or modify
  ~ it under the terms of the GNU General Public License as published by
  ~ the Free Software Foundation; either version 2 of the License, or (at
  ~ your option) any later version.
  ~
  ~ This program is distributed in the hope that it will be useful, but
  ~ WITHOUT ANY WARRANTY; without even the implied warranty of
  ~ MERCHANTABILITY or FITNESS FOR A PARTICULAR PURPOSE. See the GNU
  ~ General Public License for more details.
  ~
  ~ You should have received a copy of the GNU General Public License
  ~ along with this program; if not, write to the Free Software
  ~ Foundation, Inc., 51 Franklin St, Fifth Floor, Boston, MA 02110-1301, USA
  ~
  ~ Contact: Jeroen Ticheler - FAO - Viale delle Terme di Caracalla 2,
  ~ Rome - Italy. email: geonetwork@osgeo.org
  -->

<geonet>

	<default>
		<language>eng</language>

		<gui removeAtt="somedata">
			<xml name="strings" file="xml/strings.xml" />
			<xml name="countries" file="xml/countries.xml" />
			<xml name="countries2" file="xml/countries.xml" />
            <toRemove/>
		</gui>
	</default>
    <toRemove/>

	<!-- ====================================================================== -->

	<resources>
		<resource enabled="false">
			<name>main-db</name>
			<provider>jeeves.resources.dbms.DbmsPool</provider>
			<config>
				<user>admin</user>
				<password>admin</password>
				<driver>com.mysql.jdbc.Driver</driver>
				<url>jdbc:mysql://$WEBSERVER_HOST/geonetwork</url>
				<poolSize>10</poolSize>
				<reconnectTime>3600</reconnectTime>
			</config>
		</resource>

		<!-- - - - - - - - - - - - - - - - - - - - - - - - - - - - - - - -->
		<!-- oracle -->
		<!-- - - - - - - - - - - - - - - - - - - - - - - - - - - - - - - -->

		<resource enabled="false">
			<name>main-db</name>
			<provider>jeeves.resources.dbms.DbmsPool</provider>
			<config>
				<user>admin</user>
				<password>admin</password>
				<driver>oracle.jdbc.driver.OracleDriver</driver>
				<url>jdbc:oracle:thin:@IP:1521:fs</url>
				<poolSize>10</poolSize>
			</config>
		</resource>
	</resources>

</geonet>
